Job start at: Fri Nov 24 14:22:17 EST 2023
./runs/run_files/gpu_run.sh
----------------------
triplet type :  cancer_to_drug
----------------------
1.12.0+cu102
Start Evaluation on Test Data Set......
2023-11-24 14:22:30,824 INFO     Model: RotatE
2023-11-24 14:22:30,824 INFO     Data Path: data/cancer_to_drug
2023-11-24 14:22:30,824 INFO     #entity: 22873
2023-11-24 14:22:30,824 INFO     #relation: 151
2023-11-24 14:22:30,842 INFO     #train: 680
2023-11-24 14:22:30,849 INFO     #valid: 90
2023-11-24 14:22:30,866 INFO     #test: 137
2023-11-24 14:22:31,143 INFO     Model Parameter Configuration:
2023-11-24 14:22:31,143 INFO     Parameter gamma: torch.Size([1]), require_grad = False
2023-11-24 14:22:31,143 INFO     Parameter embedding_range: torch.Size([1]), require_grad = False
2023-11-24 14:22:31,144 INFO     Parameter entity_embedding: torch.Size([22873, 2000]), require_grad = True
2023-11-24 14:22:31,144 INFO     Parameter relation_embedding: torch.Size([151, 1000]), require_grad = True
2023-11-24 14:22:41,458 INFO     Loading checkpoint models/RotatE_MSK_uniform...
2023-11-24 14:22:42,141 INFO     Start Training...
2023-11-24 14:22:42,141 INFO     init_step = 74999
2023-11-24 14:22:42,141 INFO     batch_size = 1024
2023-11-24 14:22:42,141 INFO     negative_adversarial_sampling = 0
2023-11-24 14:22:42,141 INFO     hidden_dim = 1000
2023-11-24 14:22:42,141 INFO     gamma = 12.000000
2023-11-24 14:22:42,141 INFO     negative_adversarial_sampling = False
2023-11-24 14:22:42,141 INFO     Evaluating on Test Dataset...
at step 0 out of 9 AUC is, 0.7409048507462687
at step 1 out of 9 AUC is, 0.8084654850746269
at step 2 out of 9 AUC is, 0.8840368470149254
at step 3 out of 9 AUC is, 0.7876049440298507
at step 4 out of 9 AUC is, 0.8258861940298508
at step 5 out of 9 AUC is, 0.8482042910447761
at step 6 out of 9 AUC is, 0.8968283582089552
at step 7 out of 9 AUC is, 0.8894123134328358
at step 8 out of 9 AUC is, 0.9353233830845771
2023-11-24 14:22:44,538 INFO     Test AUC at step 74999: 0.846296
/opt/slurm/data/slurmd/job40343137/slurm_script: line 51: -de: command not found
----------------------
----------------------
triplet type :  cancer_to_treatment
----------------------
1.12.0+cu102
Start Evaluation on Test Data Set......
2023-11-24 14:22:47,148 INFO     Model: RotatE
2023-11-24 14:22:47,149 INFO     Data Path: data/cancer_to_treatment
2023-11-24 14:22:47,149 INFO     #entity: 22873
2023-11-24 14:22:47,149 INFO     #relation: 151
2023-11-24 14:22:47,166 INFO     #train: 123
2023-11-24 14:22:47,167 INFO     #valid: 16
2023-11-24 14:22:47,167 INFO     #test: 25
2023-11-24 14:22:47,424 INFO     Model Parameter Configuration:
2023-11-24 14:22:47,424 INFO     Parameter gamma: torch.Size([1]), require_grad = False
2023-11-24 14:22:47,424 INFO     Parameter embedding_range: torch.Size([1]), require_grad = False
2023-11-24 14:22:47,424 INFO     Parameter entity_embedding: torch.Size([22873, 2000]), require_grad = True
2023-11-24 14:22:47,424 INFO     Parameter relation_embedding: torch.Size([151, 1000]), require_grad = True
2023-11-24 14:22:50,156 INFO     Loading checkpoint models/RotatE_MSK_uniform...
2023-11-24 14:22:50,649 INFO     Start Training...
2023-11-24 14:22:50,649 INFO     init_step = 74999
2023-11-24 14:22:50,650 INFO     batch_size = 1024
2023-11-24 14:22:50,650 INFO     negative_adversarial_sampling = 0
2023-11-24 14:22:50,650 INFO     hidden_dim = 1000
2023-11-24 14:22:50,650 INFO     gamma = 12.000000
2023-11-24 14:22:50,650 INFO     negative_adversarial_sampling = False
2023-11-24 14:22:50,650 INFO     Evaluating on Test Dataset...
at step 0 out of 2 AUC is, 0.72314453125
at step 1 out of 2 AUC is, 0.6790123456790124
2023-11-24 14:22:51,187 INFO     Test AUC at step 74999: 0.701078
/opt/slurm/data/slurmd/job40343137/slurm_script: line 51: -de: command not found
----------------------
----------------------
triplet type :  gene_to_up_regulate_to_cancer
----------------------
1.12.0+cu102
Start Evaluation on Test Data Set......
2023-11-24 14:22:53,688 INFO     Model: RotatE
2023-11-24 14:22:53,688 INFO     Data Path: data/gene_to_up_regulate_to_cancer
2023-11-24 14:22:53,688 INFO     #entity: 22873
2023-11-24 14:22:53,688 INFO     #relation: 151
2023-11-24 14:22:53,707 INFO     #train: 1104
2023-11-24 14:22:53,717 INFO     #valid: 148
2023-11-24 14:22:53,725 INFO     #test: 221
2023-11-24 14:22:53,997 INFO     Model Parameter Configuration:
2023-11-24 14:22:53,997 INFO     Parameter gamma: torch.Size([1]), require_grad = False
2023-11-24 14:22:53,997 INFO     Parameter embedding_range: torch.Size([1]), require_grad = False
2023-11-24 14:22:53,997 INFO     Parameter entity_embedding: torch.Size([22873, 2000]), require_grad = True
2023-11-24 14:22:53,997 INFO     Parameter relation_embedding: torch.Size([151, 1000]), require_grad = True
2023-11-24 14:22:56,695 INFO     Loading checkpoint models/RotatE_MSK_uniform...
2023-11-24 14:22:57,178 INFO     Start Training...
2023-11-24 14:22:57,178 INFO     init_step = 74999
2023-11-24 14:22:57,178 INFO     batch_size = 1024
2023-11-24 14:22:57,178 INFO     negative_adversarial_sampling = 0
2023-11-24 14:22:57,179 INFO     hidden_dim = 1000
2023-11-24 14:22:57,179 INFO     gamma = 12.000000
2023-11-24 14:22:57,179 INFO     negative_adversarial_sampling = False
2023-11-24 14:22:57,179 INFO     Evaluating on Test Dataset...
at step 0 out of 14 AUC is, 0.96703125
at step 1 out of 14 AUC is, 0.8793749999999999
at step 2 out of 14 AUC is, 0.87140625
at step 3 out of 14 AUC is, 0.92734375
at step 4 out of 14 AUC is, 0.84734375
at step 5 out of 14 AUC is, 0.91703125
at step 6 out of 14 AUC is, 0.91796875
at step 7 out of 14 AUC is, 0.8628125
at step 8 out of 14 AUC is, 0.8392187499999999
at step 9 out of 14 AUC is, 0.8359375
at step 10 out of 14 AUC is, 0.89515625
at step 11 out of 14 AUC is, 0.8934375
at step 12 out of 14 AUC is, 0.930625
at step 13 out of 14 AUC is, 0.9323076923076923
2023-11-24 14:22:57,975 INFO     Test AUC at step 74999: 0.894071
/opt/slurm/data/slurmd/job40343137/slurm_script: line 51: -de: command not found
----------------------
----------------------
triplet type :  cancer_to_gene
----------------------
1.12.0+cu102
Start Evaluation on Test Data Set......
2023-11-24 14:23:00,511 INFO     Model: RotatE
2023-11-24 14:23:00,511 INFO     Data Path: data/cancer_to_gene
2023-11-24 14:23:00,511 INFO     #entity: 22873
2023-11-24 14:23:00,511 INFO     #relation: 151
2023-11-24 14:23:02,970 INFO     #train: 2647668
2023-11-24 14:23:03,341 INFO     #valid: 353022
2023-11-24 14:23:03,869 INFO     #test: 529534
2023-11-24 14:23:04,305 INFO     Model Parameter Configuration:
2023-11-24 14:23:04,305 INFO     Parameter gamma: torch.Size([1]), require_grad = False
2023-11-24 14:23:04,305 INFO     Parameter embedding_range: torch.Size([1]), require_grad = False
2023-11-24 14:23:04,305 INFO     Parameter entity_embedding: torch.Size([22873, 2000]), require_grad = True
2023-11-24 14:23:04,305 INFO     Parameter relation_embedding: torch.Size([151, 1000]), require_grad = True
2023-11-24 14:23:07,015 INFO     Loading checkpoint models/RotatE_MSK_uniform...
2023-11-24 14:23:14,447 INFO     Start Training...
2023-11-24 14:23:14,448 INFO     init_step = 74999
2023-11-24 14:23:14,448 INFO     batch_size = 1024
2023-11-24 14:23:14,448 INFO     negative_adversarial_sampling = 0
2023-11-24 14:23:14,448 INFO     hidden_dim = 1000
2023-11-24 14:23:14,448 INFO     gamma = 12.000000
2023-11-24 14:23:14,448 INFO     negative_adversarial_sampling = False
2023-11-24 14:23:14,448 INFO     Evaluating on Test Dataset...
at step 0 out of 33096 AUC is, 0.7116731162383177
at step 1 out of 33096 AUC is, 0.6835850578549177
at step 2 out of 33096 AUC is, 0.7033097080829995
at step 3 out of 33096 AUC is, 0.7591955072040498
at step 4 out of 33096 AUC is, 0.6964023211504228
at step 5 out of 33096 AUC is, 0.733754120076769
at step 6 out of 33096 AUC is, 0.7853479987205162
at step 7 out of 33096 AUC is, 0.7775705280651981
at step 8 out of 33096 AUC is, 0.8031711552903873
at step 9 out of 33096 AUC is, 0.8280768455162439
at step 10 out of 33096 AUC is, 0.7964205746550957
at step 11 out of 33096 AUC is, 0.738561137071651
at step 12 out of 33096 AUC is, 0.7672796367378727
at step 13 out of 33096 AUC is, 0.7510909511292835
at step 14 out of 33096 AUC is, 0.7399766528983089
at step 15 out of 33096 AUC is, 0.7978656437750334
at step 16 out of 33096 AUC is, 0.75829708708834
at step 17 out of 33096 AUC is, 0.5939254944092123
at step 18 out of 33096 AUC is, 0.7768693327214063
at step 19 out of 33096 AUC is, 0.7692757878560302
at step 20 out of 33096 AUC is, 0.7562626905318202
at step 21 out of 33096 AUC is, 0.749454915581887
at step 22 out of 33096 AUC is, 0.722553943452381
at step 23 out of 33096 AUC is, 0.7489302577047174
at step 24 out of 33096 AUC is, 0.7002732810413885
at step 25 out of 33096 AUC is, 0.762822304739653
at step 26 out of 33096 AUC is, 0.7565374492378728
at step 27 out of 33096 AUC is, 0.7234240271751224
at step 28 out of 33096 AUC is, 0.7974904907932799
at step 29 out of 33096 AUC is, 0.7600322130896752
at step 30 out of 33096 AUC is, 0.7674009790832221
at step 31 out of 33096 AUC is, 0.7113348179517134
at step 32 out of 33096 AUC is, 0.7275234166388518
at step 33 out of 33096 AUC is, 0.7467307103916333
at step 34 out of 33096 AUC is, 0.7057999207276369
at step 35 out of 33096 AUC is, 0.7334981364040943
at step 36 out of 33096 AUC is, 0.7409102762016021
at step 37 out of 33096 AUC is, 0.7234255917612372
at step 38 out of 33096 AUC is, 0.7620168905763239
at step 39 out of 33096 AUC is, 0.7188183202603471
at step 40 out of 33096 AUC is, 0.79325063626502
at step 41 out of 33096 AUC is, 0.801296346517579
at step 42 out of 33096 AUC is, 0.8021107135903427
at step 43 out of 33096 AUC is, 0.8041280735425012
at step 44 out of 33096 AUC is, 0.7377574613373387
at step 45 out of 33096 AUC is, 0.7368179273753894
at step 46 out of 33096 AUC is, 0.7256432187360926
at step 47 out of 33096 AUC is, 0.7039546652481087
at step 48 out of 33096 AUC is, 0.7230182778426791
at step 49 out of 33096 AUC is, 0.6767869311860258
at step 50 out of 33096 AUC is, 0.7292113442923899
at step 51 out of 33096 AUC is, 0.7413767836281708
at step 52 out of 33096 AUC is, 0.7328319704049844
at step 53 out of 33096 AUC is, 0.7044175219737427
at step 54 out of 33096 AUC is, 0.7209974410324878
at step 55 out of 33096 AUC is, 0.7668938793391188
at step 56 out of 33096 AUC is, 0.7013571046117045
at step 57 out of 33096 AUC is, 0.6787553543613707
at step 58 out of 33096 AUC is, 0.6054202478304406
at step 59 out of 33096 AUC is, 0.7034923300511793
at step 60 out of 33096 AUC is, 0.7181113011793502
at step 61 out of 33096 AUC is, 0.7237334675400534
at step 62 out of 33096 AUC is, 0.6917900951268358
at step 63 out of 33096 AUC is, 0.7344314989430352
at step 64 out of 33096 AUC is, 0.748833514129951
at step 65 out of 33096 AUC is, 0.7004453855140187
at step 66 out of 33096 AUC is, 0.7839066672229639
at step 67 out of 33096 AUC is, 0.8192567520583
at step 68 out of 33096 AUC is, 0.6928009915999109
at step 69 out of 33096 AUC is, 0.787937823347797
at step 70 out of 33096 AUC is, 0.7393542953104139
at step 71 out of 33096 AUC is, 0.8171495153259902
at step 72 out of 33096 AUC is, 0.7213928467122831
at step 73 out of 33096 AUC is, 0.7742055379394749
at step 74 out of 33096 AUC is, 0.7623854375278148
at step 75 out of 33096 AUC is, 0.7212175261459725
at step 76 out of 33096 AUC is, 0.7585010048119715
at step 77 out of 33096 AUC is, 0.7074649880396084
at step 78 out of 33096 AUC is, 0.8211349507676903
at step 79 out of 33096 AUC is, 0.750587936693369
at step 80 out of 33096 AUC is, 0.6867280505952381
at step 81 out of 33096 AUC is, 0.785861269887628
at step 82 out of 33096 AUC is, 0.7240008379227859
at step 83 out of 33096 AUC is, 0.7524670046172675
at step 84 out of 33096 AUC is, 0.7233783934134401
at step 85 out of 33096 AUC is, 0.7198655498998665
at step 86 out of 33096 AUC is, 0.6821514623664887
at step 87 out of 33096 AUC is, 0.733400436693369
at step 88 out of 33096 AUC is, 0.757102612511126
at step 89 out of 33096 AUC is, 0.724759401424121
at step 90 out of 33096 AUC is, 0.7218125903983088
at step 91 out of 33096 AUC is, 0.7187493915498442
at step 92 out of 33096 AUC is, 0.6764241210502893
at step 93 out of 33096 AUC is, 0.7392958840954607
at step 94 out of 33096 AUC is, 0.7117345697040499
at step 95 out of 33096 AUC is, 0.8068950440865599
at step 96 out of 33096 AUC is, 0.7710486377670226
at step 97 out of 33096 AUC is, 0.7459663231530931
at step 98 out of 33096 AUC is, 0.7470095544058746
at step 99 out of 33096 AUC is, 0.7297119249276813
at step 100 out of 33096 AUC is, 0.7906507287494438
at step 101 out of 33096 AUC is, 0.7033189217567868
at step 102 out of 33096 AUC is, 0.7641143051846907
at step 103 out of 33096 AUC is, 0.7772339682076101
at step 104 out of 33096 AUC is, 0.7924259255396083
at step 105 out of 33096 AUC is, 0.6876640207777036
at step 106 out of 33096 AUC is, 0.7186392620716511
at step 107 out of 33096 AUC is, 0.6638315497051624
at step 108 out of 33096 AUC is, 0.7057687159267912
at step 109 out of 33096 AUC is, 0.7582018211782376
at step 110 out of 33096 AUC is, 0.6716154525478415
at step 111 out of 33096 AUC is, 0.7629486016076992
at step 112 out of 33096 AUC is, 0.7005077951157099
at step 113 out of 33096 AUC is, 0.7133783412605696
at step 114 out of 33096 AUC is, 0.7033667285547396
at step 115 out of 33096 AUC is, 0.7502899699599466
at step 116 out of 33096 AUC is, 0.7808299955496217
at step 117 out of 33096 AUC is, 0.7860611023030708
at step 118 out of 33096 AUC is, 0.7674503504672897
at step 119 out of 33096 AUC is, 0.7628582902202937
at step 120 out of 33096 AUC is, 0.7159276604917667
at step 121 out of 33096 AUC is, 0.7883770374388073
at step 122 out of 33096 AUC is, 0.6616559057910547
at step 123 out of 33096 AUC is, 0.7221825280930129
at step 124 out of 33096 AUC is, 0.7245706949543836
at step 125 out of 33096 AUC is, 0.8308922313084113
at step 126 out of 33096 AUC is, 0.7564878170894526
at step 127 out of 33096 AUC is, 0.6671895861148197
at step 128 out of 33096 AUC is, 0.7654921840231419
at step 129 out of 33096 AUC is, 0.7228134909045394
at step 130 out of 33096 AUC is, 0.7498325892857143
at step 131 out of 33096 AUC is, 0.784614120911215
at step 132 out of 33096 AUC is, 0.7356826463061861
at step 133 out of 33096 AUC is, 0.7371992517801513
at step 134 out of 33096 AUC is, 0.7966921172674677
at step 135 out of 33096 AUC is, 0.7473690615264797
at step 136 out of 33096 AUC is, 0.7525992121439697
at step 137 out of 33096 AUC is, 0.6795910171895861
at step 138 out of 33096 AUC is, 0.7360205969069871
at step 139 out of 33096 AUC is, 0.7960192583166444
at step 140 out of 33096 AUC is, 0.7730371397975078
at step 141 out of 33096 AUC is, 0.7484743546951491
at step 142 out of 33096 AUC is, 0.7558818007343124
at step 143 out of 33096 AUC is, 0.8121678731364042
at step 144 out of 33096 AUC is, 0.7130228325267023
at step 145 out of 33096 AUC is, 0.6792555873108589
at step 146 out of 33096 AUC is, 0.7454454898197597
at step 147 out of 33096 AUC is, 0.7352041437194037
at step 148 out of 33096 AUC is, 0.6941949509067645
at step 149 out of 33096 AUC is, 0.7382279671506453
at step 150 out of 33096 AUC is, 0.7198276521473075
at step 151 out of 33096 AUC is, 0.6534062778148643
at step 152 out of 33096 AUC is, 0.7380683793669337
at step 153 out of 33096 AUC is, 0.6790419343847353
at step 154 out of 33096 AUC is, 0.7072546381286159
at step 155 out of 33096 AUC is, 0.7864273023753895
at step 156 out of 33096 AUC is, 0.7635682646306186
at step 157 out of 33096 AUC is, 0.6067849146083667
at step 158 out of 33096 AUC is, 0.817907209612817
at step 159 out of 33096 AUC is, 0.7978703375333779
at step 160 out of 33096 AUC is, 0.7059447318647085
at step 161 out of 33096 AUC is, 0.735987219069871
at step 162 out of 33096 AUC is, 0.6481058077436582
at step 163 out of 33096 AUC is, 0.7423069300734312
at step 164 out of 33096 AUC is, 0.7922212255229194
at step 165 out of 33096 AUC is, 0.7958672326991544
at step 166 out of 33096 AUC is, 0.739903291193814
at step 167 out of 33096 AUC is, 0.7131107101134847
at step 168 out of 33096 AUC is, 0.7724360779650645
at step 169 out of 33096 AUC is, 0.8213774616154873
at step 170 out of 33096 AUC is, 0.8075206177681353
at step 171 out of 33096 AUC is, 0.7520325712060525
at step 172 out of 33096 AUC is, 0.7249793996161549
at step 173 out of 33096 AUC is, 0.7107067235480641
at step 174 out of 33096 AUC is, 0.728799423536938
at step 175 out of 33096 AUC is, 0.7112634554405874
at step 176 out of 33096 AUC is, 0.7722932660213618
at step 177 out of 33096 AUC is, 0.7413611377670227
at step 178 out of 33096 AUC is, 0.6408415213340009
at step 179 out of 33096 AUC is, 0.7241486913106364
at step 180 out of 33096 AUC is, 0.6431781437750334
at step 181 out of 33096 AUC is, 0.7629380841121495
at step 182 out of 33096 AUC is, 0.7643083138629284
at step 183 out of 33096 AUC is, 0.7716163217623497
at step 184 out of 33096 AUC is, 0.728058592011571
at step 185 out of 33096 AUC is, 0.7312554760514018
at step 186 out of 33096 AUC is, 0.7061182270805518
at step 187 out of 33096 AUC is, 0.7263934377781486
at step 188 out of 33096 AUC is, 0.7073364312138406
at step 189 out of 33096 AUC is, 0.7385883434857587
at step 190 out of 33096 AUC is, 0.7298550845571873
at step 191 out of 33096 AUC is, 0.7618008038495772
at step 192 out of 33096 AUC is, 0.7356673481308411
at step 193 out of 33096 AUC is, 0.7512384568313306
at step 194 out of 33096 AUC is, 0.7654497663551402
at step 195 out of 33096 AUC is, 0.7650910415275923
at step 196 out of 33096 AUC is, 0.7648849507676903
at step 197 out of 33096 AUC is, 0.7644160964619493
at step 198 out of 33096 AUC is, 0.7535051944259012
at step 199 out of 33096 AUC is, 0.7758142801513128
at step 200 out of 33096 AUC is, 0.7418000041722296
at step 201 out of 33096 AUC is, 0.710003268246551
at step 202 out of 33096 AUC is, 0.7459113018747219
at step 203 out of 33096 AUC is, 0.7838875445037827
at step 204 out of 33096 AUC is, 0.7471940017245217
at step 205 out of 33096 AUC is, 0.7899113748887405
at step 206 out of 33096 AUC is, 0.7419612434635069
at step 207 out of 33096 AUC is, 0.6793844049009791
at step 208 out of 33096 AUC is, 0.645284945900089
at step 209 out of 33096 AUC is, 0.6627275603582554
at step 210 out of 33096 AUC is, 0.8000824884568314
at step 211 out of 33096 AUC is, 0.7096802681352915
at step 212 out of 33096 AUC is, 0.8249681867489986
at step 213 out of 33096 AUC is, 0.7285851621606586
at step 214 out of 33096 AUC is, 0.6788490556853582
at step 215 out of 33096 AUC is, 0.7821392933633734
at step 216 out of 33096 AUC is, 0.6768835878393412
at step 217 out of 33096 AUC is, 0.7757760347129506
at step 218 out of 33096 AUC is, 0.7438550011125945
at step 219 out of 33096 AUC is, 0.7014578465732088
at step 220 out of 33096 AUC is, 0.7666013886570984
at step 221 out of 33096 AUC is, 0.7692438007621273
at step 222 out of 33096 AUC is, 0.7260563563918558
at step 223 out of 33096 AUC is, 0.8174429621439697
at step 224 out of 33096 AUC is, 0.8094654852303071
at step 225 out of 33096 AUC is, 0.7675812541722297
at step 226 out of 33096 AUC is, 0.776095123358923
at step 227 out of 33096 AUC is, 0.7352916736203827
at step 228 out of 33096 AUC is, 0.7002119144971073
at step 229 out of 33096 AUC is, 0.7720917820983533
at step 230 out of 33096 AUC is, 0.7081281987093903
at step 231 out of 33096 AUC is, 0.7118307048286605
at step 232 out of 33096 AUC is, 0.778973092595683
at step 233 out of 33096 AUC is, 0.7752690218902981
at step 234 out of 33096 AUC is, 0.7501222115598576
at step 235 out of 33096 AUC is, 0.7286657383455718
at step 236 out of 33096 AUC is, 0.6948187861593236
at step 237 out of 33096 AUC is, 0.7740655944036492
at step 238 out of 33096 AUC is, 0.7192268510792167
at step 239 out of 33096 AUC is, 0.7229025853916333
at step 240 out of 33096 AUC is, 0.7467939892078326
at step 241 out of 33096 AUC is, 0.7171953229305741
at step 242 out of 33096 AUC is, 0.7119770805518468
at step 243 out of 33096 AUC is, 0.7435292195149088
at step 244 out of 33096 AUC is, 0.740749471517579
at step 245 out of 33096 AUC is, 0.691718645694259
at step 246 out of 33096 AUC is, 0.8167527189029817
at step 247 out of 33096 AUC is, 0.7271102789830884
at step 248 out of 33096 AUC is, 0.7765457241599911
at step 249 out of 33096 AUC is, 0.7342600898420115
at step 250 out of 33096 AUC is, 0.73949641188251
at step 251 out of 33096 AUC is, 0.6775443647085002
at step 252 out of 33096 AUC is, 0.7676952081942591
at step 253 out of 33096 AUC is, 0.7194449369993324
at step 254 out of 33096 AUC is, 0.7129543384234535
at step 255 out of 33096 AUC is, 0.7953005917612372
at step 256 out of 33096 AUC is, 0.6968930796617713
at step 257 out of 33096 AUC is, 0.7921741140965732
at step 258 out of 33096 AUC is, 0.8184673314419225
at step 259 out of 33096 AUC is, 0.7236984381953716
at step 260 out of 33096 AUC is, 0.7359685309579439
at step 261 out of 33096 AUC is, 0.7440891675011126
at step 262 out of 33096 AUC is, 0.6667237740598576
at step 263 out of 33096 AUC is, 0.7468223256008011
at step 264 out of 33096 AUC is, 0.7234684440364931
at step 265 out of 33096 AUC is, 0.6766302987316422
at step 266 out of 33096 AUC is, 0.7187513907432131
at step 267 out of 33096 AUC is, 0.7431044343847353
at step 268 out of 33096 AUC is, 0.7400552298898532
at step 269 out of 33096 AUC is, 0.6887953034601692
at step 270 out of 33096 AUC is, 0.7158849820594125
at step 271 out of 33096 AUC is, 0.6335016132621273
at step 272 out of 33096 AUC is, 0.7468783030151313
at step 273 out of 33096 AUC is, 0.7825373066866933
at step 274 out of 33096 AUC is, 0.787257489152203
at step 275 out of 33096 AUC is, 0.6617579515743213
at step 276 out of 33096 AUC is, 0.7156017050511794
at step 277 out of 33096 AUC is, 0.746378591594348
at step 278 out of 33096 AUC is, 0.6981038085502892
at step 279 out of 33096 AUC is, 0.7053550567423231
at step 280 out of 33096 AUC is, 0.6879445162995105
at step 281 out of 33096 AUC is, 0.6957648392300847
at step 282 out of 33096 AUC is, 0.8018066623553627
at step 283 out of 33096 AUC is, 0.6941872148976413
at step 284 out of 33096 AUC is, 0.7805909615598576
at step 285 out of 33096 AUC is, 0.7414440608311081
at step 286 out of 33096 AUC is, 0.7281930594959947
at step 287 out of 33096 AUC is, 0.742181067812639
at step 288 out of 33096 AUC is, 0.7228492156208278
at step 289 out of 33096 AUC is, 0.7260029866210503
at step 290 out of 33096 AUC is, 0.7308739778037383
at step 291 out of 33096 AUC is, 0.7784415679238985
at step 292 out of 33096 AUC is, 0.6457124255952381
at step 293 out of 33096 AUC is, 0.7908792452436582
at step 294 out of 33096 AUC is, 0.7400201136237206
at step 295 out of 33096 AUC is, 0.7038259345794392
at step 296 out of 33096 AUC is, 0.6951529122162884
at step 297 out of 33096 AUC is, 0.7373139880952381
at step 298 out of 33096 AUC is, 0.7501437680796618
at step 299 out of 33096 AUC is, 0.8053166374610592
at step 300 out of 33096 AUC is, 0.7852468221517579
at step 301 out of 33096 AUC is, 0.7344462755896751
at step 302 out of 33096 AUC is, 0.7759827339230084
at step 303 out of 33096 AUC is, 0.7479837700267022
at step 304 out of 33096 AUC is, 0.7724514630618603
at step 305 out of 33096 AUC is, 0.7834465050623054
at step 306 out of 33096 AUC is, 0.6999710551568759
at step 307 out of 33096 AUC is, 0.7376304690976858
at step 308 out of 33096 AUC is, 0.7482238470738762
at step 309 out of 33096 AUC is, 0.6981122399310191
at step 310 out of 33096 AUC is, 0.6414879561637739
at step 311 out of 33096 AUC is, 0.7881861579327992
at step 312 out of 33096 AUC is, 0.6984512335892301
at step 313 out of 33096 AUC is, 0.7281845411938139
at step 314 out of 33096 AUC is, 0.7484826991544282
at step 315 out of 33096 AUC is, 0.8261457116433022
at step 316 out of 33096 AUC is, 0.7546026646639965
at step 317 out of 33096 AUC is, 0.8045889310747664
at step 318 out of 33096 AUC is, 0.7887424552180685
at step 319 out of 33096 AUC is, 0.7308123504951046
at step 320 out of 33096 AUC is, 0.7613936637739207
at step 321 out of 33096 AUC is, 0.8743013253782821
at step 322 out of 33096 AUC is, 0.6777541930907877
at step 323 out of 33096 AUC is, 0.7831468868213173
at step 324 out of 33096 AUC is, 0.7884575267022697
at step 325 out of 33096 AUC is, 0.7431123442367601
at step 326 out of 33096 AUC is, 0.7419696748442368
at step 327 out of 33096 AUC is, 0.7773554843958611
at step 328 out of 33096 AUC is, 0.750559339536048
at step 329 out of 33096 AUC is, 0.7237562409601691
at step 330 out of 33096 AUC is, 0.7731254519915443
at step 331 out of 33096 AUC is, 0.786077704300178
at step 332 out of 33096 AUC is, 0.7690369277091679
at step 333 out of 33096 AUC is, 0.7415243762516689
at step 334 out of 33096 AUC is, 0.7747628782821541
at step 335 out of 33096 AUC is, 0.823925998553627
at step 336 out of 33096 AUC is, 0.71841005020583
at step 337 out of 33096 AUC is, 0.7118028030429462
at step 338 out of 33096 AUC is, 0.8190369277091677
at step 339 out of 33096 AUC is, 0.7057907939753004
at step 340 out of 33096 AUC is, 0.6992632537828215
at step 341 out of 33096 AUC is, 0.7438676916444147
at step 342 out of 33096 AUC is, 0.8184448187861594
at step 343 out of 33096 AUC is, 0.7051301909490432
at step 344 out of 33096 AUC is, 0.6634208458500223
at step 345 out of 33096 AUC is, 0.6991617295282598
at step 346 out of 33096 AUC is, 0.6955106809078772
at step 347 out of 33096 AUC is, 0.8587788926902536
at step 348 out of 33096 AUC is, 0.6881865925400534
at step 349 out of 33096 AUC is, 0.7860828326657766
at step 350 out of 33096 AUC is, 0.752121839536048
at step 351 out of 33096 AUC is, 0.7094337589007566
at step 352 out of 33096 AUC is, 0.7249950454773031
at step 353 out of 33096 AUC is, 0.7351232198486871
at step 354 out of 33096 AUC is, 0.7256411326212728
at step 355 out of 33096 AUC is, 0.7521094966900311
at step 356 out of 33096 AUC is, 0.7049670393858478
at step 357 out of 33096 AUC is, 0.7473751460280373
at step 358 out of 33096 AUC is, 0.6749885263684914
at step 359 out of 33096 AUC is, 0.8070488081330663
at step 360 out of 33096 AUC is, 0.7164116391299511
at step 361 out of 33096 AUC is, 0.7507796854138852
at step 362 out of 33096 AUC is, 0.6963826769025367
at step 363 out of 33096 AUC is, 0.6754512092512238
at step 364 out of 33096 AUC is, 0.7279365542946151
at step 365 out of 33096 AUC is, 0.799925247552292
at step 366 out of 33096 AUC is, 0.6865947130896751
at step 367 out of 33096 AUC is, 0.7990150061192701
at step 368 out of 33096 AUC is, 0.7205834341622163
at step 369 out of 33096 AUC is, 0.7635912988150868
at step 370 out of 33096 AUC is, 0.7804732699154427
at step 371 out of 33096 AUC is, 0.7139568904372496
at step 372 out of 33096 AUC is, 0.6920306937027147
at step 373 out of 33096 AUC is, 0.6642481642189586
at step 374 out of 33096 AUC is, 0.7785024998609257
at step 375 out of 33096 AUC is, 0.7373998664886516
at step 376 out of 33096 AUC is, 0.789792118658211
at step 377 out of 33096 AUC is, 0.6695714077102803
at step 378 out of 33096 AUC is, 0.6590746863874054
at step 379 out of 33096 AUC is, 0.7906143955829996
at step 380 out of 33096 AUC is, 0.6964822888851803
at step 381 out of 33096 AUC is, 0.680133233199822
at step 382 out of 33096 AUC is, 0.7218393622051624
at step 383 out of 33096 AUC is, 0.6850571595460614
at step 384 out of 33096 AUC is, 0.8018889769692924
at step 385 out of 33096 AUC is, 0.6985313751668892
at step 386 out of 33096 AUC is, 0.7197861036938139
at step 387 out of 33096 AUC is, 0.7256200976301735
at step 388 out of 33096 AUC is, 0.7719843471851356
at step 389 out of 33096 AUC is, 0.6914816108978639
at step 390 out of 33096 AUC is, 0.8248311116210504
at step 391 out of 33096 AUC is, 0.7767944064307967
at step 392 out of 33096 AUC is, 0.7051402738373387
at step 393 out of 33096 AUC is, 0.789090054099911
at step 394 out of 33096 AUC is, 0.7760122872162885
at step 395 out of 33096 AUC is, 0.7766278649310192
at step 396 out of 33096 AUC is, 0.6885527926123721
at step 397 out of 33096 AUC is, 0.7204066359312417
at step 398 out of 33096 AUC is, 0.7417255124888741
at step 399 out of 33096 AUC is, 0.7137066435803293
at step 400 out of 33096 AUC is, 0.7032140944870939
at step 401 out of 33096 AUC is, 0.712005590787717
at step 402 out of 33096 AUC is, 0.7884882968958611
at step 403 out of 33096 AUC is, 0.7422458242935024
at step 404 out of 33096 AUC is, 0.7551299301846908
at step 405 out of 33096 AUC is, 0.6657033162271918
at step 406 out of 33096 AUC is, 0.6727048390910102
at step 407 out of 33096 AUC is, 0.7526785714285715
at step 408 out of 33096 AUC is, 0.7696191275867823
at step 409 out of 33096 AUC is, 0.7586486843569203
at step 410 out of 33096 AUC is, 0.7340101906708945
at step 411 out of 33096 AUC is, 0.7424968534434802
at step 412 out of 33096 AUC is, 0.7671394324376947
at step 413 out of 33096 AUC is, 0.7200171409101024
at step 414 out of 33096 AUC is, 0.6898090683411214
at step 415 out of 33096 AUC is, 0.6694287696094793
at step 416 out of 33096 AUC is, 0.7059614207832666
at step 417 out of 33096 AUC is, 0.7672773767801513
at step 418 out of 33096 AUC is, 0.7554894373052958
at step 419 out of 33096 AUC is, 0.8156820204717401
at step 420 out of 33096 AUC is, 0.7886048585614152
at step 421 out of 33096 AUC is, 0.8125191227191811
at step 422 out of 33096 AUC is, 0.732631442617935
at step 423 out of 33096 AUC is, 0.7627718902981754
at step 424 out of 33096 AUC is, 0.780828344042056
at step 425 out of 33096 AUC is, 0.7984534066255007
at step 426 out of 33096 AUC is, 0.7771522620438363
at step 427 out of 33096 AUC is, 0.819072217818202
at step 428 out of 33096 AUC is, 0.8268836747607922
at step 429 out of 33096 AUC is, 0.7569969160269249
at step 430 out of 33096 AUC is, 0.7306715377447708
at step 431 out of 33096 AUC is, 0.7823960593291055
at step 432 out of 33096 AUC is, 0.845860539747441
at step 433 out of 33096 AUC is, 0.6573811088395639
at step 434 out of 33096 AUC is, 0.716318198570316
at step 435 out of 33096 AUC is, 0.7743071491154874
at step 436 out of 33096 AUC is, 0.7603447826268358
at step 437 out of 33096 AUC is, 0.7506541708388963
at step 438 out of 33096 AUC is, 0.7487795359089897
at step 439 out of 33096 AUC is, 0.77052258914664
at step 440 out of 33096 AUC is, 0.7443620139352469
at step 441 out of 33096 AUC is, 0.6927642238262127
at step 442 out of 33096 AUC is, 0.712879325211393
at step 443 out of 33096 AUC is, 0.7091948118324433
at step 444 out of 33096 AUC is, 0.73258763420672
at step 445 out of 33096 AUC is, 0.7734168126947041
at step 446 out of 33096 AUC is, 0.7299057597630173
at step 447 out of 33096 AUC is, 0.7308500744047619
at step 448 out of 33096 AUC is, 0.7353380896751224
at step 449 out of 33096 AUC is, 0.7815940351023587
at step 450 out of 33096 AUC is, 0.6461189572207388
at step 451 out of 33096 AUC is, 0.6902547146194926
at step 452 out of 33096 AUC is, 0.7870740848909658
at step 453 out of 33096 AUC is, 0.7729543036548732
at step 454 out of 33096 AUC is, 0.7987913572263018
at step 455 out of 33096 AUC is, 0.7513782265242547
at step 456 out of 33096 AUC is, 0.7060181804906542
at step 457 out of 33096 AUC is, 0.7446964007565643
at step 458 out of 33096 AUC is, 0.7119725606364041
at step 459 out of 33096 AUC is, 0.7188843805629729
at step 460 out of 33096 AUC is, 0.7610282459946596
at step 461 out of 33096 AUC is, 0.7151730953771696
at step 462 out of 33096 AUC is, 0.7923285735146862
at step 463 out of 33096 AUC is, 0.7429740522085002
at step 464 out of 33096 AUC is, 0.7635204578326658
at step 465 out of 33096 AUC is, 0.7987187778148643
at step 466 out of 33096 AUC is, 0.7546697680240321
at step 467 out of 33096 AUC is, 0.7158995848631509
at step 468 out of 33096 AUC is, 0.7158376098687139
at step 469 out of 33096 AUC is, 0.7343261501446372
at step 470 out of 33096 AUC is, 0.7464238776702269
at step 471 out of 33096 AUC is, 0.7370111537605697
at step 472 out of 33096 AUC is, 0.7640884025923455
at step 473 out of 33096 AUC is, 0.7215889415053405
at step 474 out of 33096 AUC is, 0.7461634610035602
at step 475 out of 33096 AUC is, 0.7220916951769026
at step 476 out of 33096 AUC is, 0.7301011591844683
at step 477 out of 33096 AUC is, 0.7077533064919893
at step 478 out of 33096 AUC is, 0.7364144380006675
at step 479 out of 33096 AUC is, 0.7274087672452159
at step 480 out of 33096 AUC is, 0.7577194071261683
at step 481 out of 33096 AUC is, 0.8036294051791277
at step 482 out of 33096 AUC is, 0.7499141216065865
at step 483 out of 33096 AUC is, 0.8210798425678683
at step 484 out of 33096 AUC is, 0.7947916666666667
at step 485 out of 33096 AUC is, 0.7334066950378283
at step 486 out of 33096 AUC is, 0.6935170505117935
at step 487 out of 33096 AUC is, 0.7843795199154427
at step 488 out of 33096 AUC is, 0.7385922549510459
at step 489 out of 33096 AUC is, 0.6754440816922563
at step 490 out of 33096 AUC is, 0.7391208242935025
at step 491 out of 33096 AUC is, 0.7606184982754783
at step 492 out of 33096 AUC is, 0.7654208215120161
at step 493 out of 33096 AUC is, 0.7208995674788607
at step 494 out of 33096 AUC is, 0.7248427590954606
at step 495 out of 33096 AUC is, 0.7802387558411215
at step 496 out of 33096 AUC is, 0.7315905582443257
at step 497 out of 33096 AUC is, 0.789445215147975
at step 498 out of 33096 AUC is, 0.6703620452269693
at step 499 out of 33096 AUC is, 0.6798485654483756
at step 500 out of 33096 AUC is, 0.7747578368380063
at step 501 out of 33096 AUC is, 0.6578503977525589
at step 502 out of 33096 AUC is, 0.7310887607087228
at step 503 out of 33096 AUC is, 0.7137177695260347
at step 504 out of 33096 AUC is, 0.739533266577659
at step 505 out of 33096 AUC is, 0.7754333034323543
at step 506 out of 33096 AUC is, 0.7268997552291945
at step 507 out of 33096 AUC is, 0.7040182048286604
at step 508 out of 33096 AUC is, 0.6597309433411215
at step 509 out of 33096 AUC is, 0.7165534080162439
at step 510 out of 33096 AUC is, 0.754649602247441
at step 511 out of 33096 AUC is, 0.7573130493435692
at step 512 out of 33096 AUC is, 0.7464573424287939
at step 513 out of 33096 AUC is, 0.6892798036270582
at step 514 out of 33096 AUC is, 0.7982620055907877
at step 515 out of 33096 AUC is, 0.7092400109868714
at step 516 out of 33096 AUC is, 0.7163197631564308
at step 517 out of 33096 AUC is, 0.6861677549232309
at step 518 out of 33096 AUC is, 0.706644101858033
at step 519 out of 33096 AUC is, 0.6982991210502892
at step 520 out of 33096 AUC is, 0.7574539490153538
at step 521 out of 33096 AUC is, 0.7352341316199377
at step 522 out of 33096 AUC is, 0.6622749603638184
at step 523 out of 33096 AUC is, 0.7184870626112595
at step 524 out of 33096 AUC is, 0.7441895617768135
at step 525 out of 33096 AUC is, 0.7185180935692034
at step 526 out of 33096 AUC is, 0.7556669309078772
at step 527 out of 33096 AUC is, 0.7196885778259902
at step 528 out of 33096 AUC is, 0.7815331031653315
at step 529 out of 33096 AUC is, 0.8033209209501557
at step 530 out of 33096 AUC is, 0.762046878476858
at step 531 out of 33096 AUC is, 0.7391366439975523
at step 532 out of 33096 AUC is, 0.7769357407098354
at step 533 out of 33096 AUC is, 0.7612365097908322
at step 534 out of 33096 AUC is, 0.7635922549510458
at step 535 out of 33096 AUC is, 0.7076386570983535
at step 536 out of 33096 AUC is, 0.7278981350133511
at step 537 out of 33096 AUC is, 0.7013791826602136
at step 538 out of 33096 AUC is, 0.7191055956553182
at step 539 out of 33096 AUC is, 0.6596363728026258
at step 540 out of 33096 AUC is, 0.7116792876613263
at step 541 out of 33096 AUC is, 0.7744408343068535
at step 542 out of 33096 AUC is, 0.7306206886960391
at step 543 out of 33096 AUC is, 0.7215769463451268
at step 544 out of 33096 AUC is, 0.7857460120438362
at step 545 out of 33096 AUC is, 0.6690872552291944
at step 546 out of 33096 AUC is, 0.7863917515020027
at step 547 out of 33096 AUC is, 0.6088153996995995
at step 548 out of 33096 AUC is, 0.6673752503337783
at step 549 out of 33096 AUC is, 0.8169527251613262
at step 550 out of 33096 AUC is, 0.701002638935247
at step 551 out of 33096 AUC is, 0.7488108276312863
at step 552 out of 33096 AUC is, 0.7167728846795728
at step 553 out of 33096 AUC is, 0.7722091260569648
at step 554 out of 33096 AUC is, 0.7105887711392969
at step 555 out of 33096 AUC is, 0.8138926554850913
at step 556 out of 33096 AUC is, 0.7195670616377392
at step 557 out of 33096 AUC is, 0.7284935469514909
at step 558 out of 33096 AUC is, 0.7419469014241211
at step 559 out of 33096 AUC is, 0.7087450802458835
at step 560 out of 33096 AUC is, 0.7498695309023142
at step 561 out of 33096 AUC is, 0.768222647557855
at step 562 out of 33096 AUC is, 0.7300225821929238
at step 563 out of 33096 AUC is, 0.7862505041444148
at step 564 out of 33096 AUC is, 0.6753596809635068
at step 565 out of 33096 AUC is, 0.7618347032153984
at step 566 out of 33096 AUC is, 0.6867742928070761
at step 567 out of 33096 AUC is, 0.7470971712283043
at step 568 out of 33096 AUC is, 0.8270024094626168
at step 569 out of 33096 AUC is, 0.7857826059746329
at step 570 out of 33096 AUC is, 0.7451862031319537
at step 571 out of 33096 AUC is, 0.7903950927625724
at step 572 out of 33096 AUC is, 0.7620551360146862
at step 573 out of 33096 AUC is, 0.7666139922674677
at step 574 out of 33096 AUC is, 0.7117349173898532
at step 575 out of 33096 AUC is, 0.7334105195816644
at step 576 out of 33096 AUC is, 0.6866435629450378
at step 577 out of 33096 AUC is, 0.746015520694259
