Job start at: Wed Nov 15 21:52:12 EST 2023
./runs/run_files/cpu_run.sh
----------------------
triplet type :  cancer_to_gene
----------------------
1.12.0+cu102
models/RotatE_MSK_dict
Start Evaluation on Test Data Set......
2023-11-15 21:52:28,080 INFO     Model: RotatE
2023-11-15 21:52:28,081 INFO     Data Path: data/cancer_to_gene
2023-11-15 21:52:28,082 INFO     #entity: 22873
2023-11-15 21:52:28,082 INFO     #relation: 151
2023-11-15 21:52:30,668 INFO     #train: 2647668
2023-11-15 21:52:31,061 INFO     #valid: 353022
2023-11-15 21:52:31,741 INFO     #test: 529534
2023-11-15 21:52:32,097 INFO     Model Parameter Configuration:
2023-11-15 21:52:32,097 INFO     Parameter gamma: torch.Size([1]), require_grad = False
2023-11-15 21:52:32,097 INFO     Parameter embedding_range: torch.Size([1]), require_grad = False
2023-11-15 21:52:32,097 INFO     Parameter entity_embedding: torch.Size([22873, 2000]), require_grad = True
2023-11-15 21:52:32,097 INFO     Parameter relation_embedding: torch.Size([151, 1000]), require_grad = True
2023-11-15 21:52:32,097 INFO     Loading checkpoint models/RotatE_MSK_dict...
2023-11-15 21:52:40,162 INFO     Start Training...
2023-11-15 21:52:40,162 INFO     init_step = 74999
2023-11-15 21:52:40,162 INFO     batch_size = 1024
2023-11-15 21:52:40,162 INFO     negative_adversarial_sampling = 0
2023-11-15 21:52:40,162 INFO     hidden_dim = 1000
2023-11-15 21:52:40,163 INFO     gamma = 12.000000
2023-11-15 21:52:40,163 INFO     negative_adversarial_sampling = False
2023-11-15 21:52:40,163 INFO     getting auc
./runs/run_files/cpu_run.sh: line 81: 479949 Killed                  python -u $CODE_PATH/run.py --do_test -init $SAVE --data_path $TEST_DATA_PATH --triplet_type $TRIPLET_TYPE --all_datapath $OVERALL_DATA_PATH --negative_sample_type_test $negative_sample_type_test --test_datapath $TEST_DATA_PATH --hidden_dim $HIDDEN_DIM --model $MODEL -de --test_batch_size $TEST_BATCH_SIZE --AUC $AUC
/opt/slurm/data/slurmd/job40184321/slurm_script: line 46: -de: command not found
----------------------
slurmstepd: error: Detected 1 oom-kill event(s) in StepId=40184321.batch. Some of your processes may have been killed by the cgroup out-of-memory handler.
